<?xml version="1.0" encoding="UTF-8"?>
<!-- Generated by org.testng.reporters.JUnitReportReporter -->
<testsuite skipped="0" hostname="Sony" name="com.Modules_TestNG.Launch" tests="1" failures="0" timestamp="30 Jun 2019 12:33:17 GMT" time="10.095" errors="0">
  <testcase name="executeLaunch" time="10.095" classname="com.Modules_TestNG.Launch"/>
</testsuite> <!-- com.Modules_TestNG.Launch -->
