<?xml version="1.0" encoding="UTF-8"?>
<!-- Generated by org.testng.reporters.JUnitReportReporter -->
<testsuite skipped="0" hostname="Sony" name="com.Modules_TestNG.LoginDemo" tests="1" failures="0" timestamp="30 Jun 2019 12:33:17 GMT" time="10.034" errors="0">
  <testcase name="executeLogin" time="10.034" classname="com.Modules_TestNG.LoginDemo"/>
</testsuite> <!-- com.Modules_TestNG.LoginDemo -->
