<?xml version="1.0" encoding="UTF-8"?>
<!-- Generated by org.testng.reporters.JUnitReportReporter -->
<testsuite skipped="0" hostname="Sony" name="com.Modules_TestNG.Launch" tests="1" failures="0" timestamp="13 Jul 2019 18:21:20 GMT" time="13.908" errors="0">
  <testcase name="executeLaunch" time="13.908" classname="com.Modules_TestNG.Launch"/>
</testsuite> <!-- com.Modules_TestNG.Launch -->
